<?xml version="1.0" encoding="UTF-8"?>
<testng-results skipped="0" failed="0" total="2" passed="2">
  <reporter-output>
  </reporter-output>
  <suite name="Default suite" duration-ms="39" started-at="2021-03-11T12:25:09Z" finished-at="2021-03-11T12:25:09Z">
    <groups>
    </groups>
    <test name="Default test" duration-ms="39" started-at="2021-03-11T12:25:09Z" finished-at="2021-03-11T12:25:09Z">
      <class name="com.comcast.contacttest.CreatecontactTest">
        <test-method status="PASS" signature="createcontact()[pri:0, instance:com.comcast.contacttest.CreatecontactTest@31ef45e3]" name="createcontact" duration-ms="15" started-at="2021-03-11T17:55:09Z" finished-at="2021-03-11T17:55:09Z">
          <reporter-output>
          </reporter-output>
        </test-method> <!-- createcontact -->
        <test-method status="PASS" signature="createcontactwithmobilenumber()[pri:0, instance:com.comcast.contacttest.CreatecontactTest@31ef45e3]" name="createcontactwithmobilenumber" duration-ms="1" started-at="2021-03-11T17:55:09Z" finished-at="2021-03-11T17:55:09Z">
          <reporter-output>
          </reporter-output>
        </test-method> <!-- createcontactwithmobilenumber -->
      </class> <!-- com.comcast.contacttest.CreatecontactTest -->
    </test> <!-- Default test -->
  </suite> <!-- Default suite -->
</testng-results>
