<?xml version="1.0" encoding="UTF-8"?>
<!-- Generated by org.testng.reporters.JUnitXMLReporter -->
<testsuite hostname="LAPTOP-OB1CBGQ8" name="Default test" tests="2" failures="0" timestamp="11 Mar 2021 12:25:10 GMT" time="0.039" errors="0">
  <testcase name="createcontact" time="0.015" classname="com.comcast.contacttest.CreatecontactTest"/>
  <testcase name="createcontactwithmobilenumber" time="0.001" classname="com.comcast.contacttest.CreatecontactTest"/>
</testsuite> <!-- Default test -->
